<!DOCTYPE html PUBLIC "-//W3C//DTD XHTML 1.1//EN" "http://www.w3.org/TR/xhtml11/DTD/xhtml11.dtd">
<html xmlns="http://www.w3.org/1999/xhtml">
<head>
<meta http-equiv="content-type" content="text/html; charset=UTF-8"/>
<title>TestNG Report</title>
<style type="text/css">table {margin-bottom:10px;border-collapse:collapse;empty-cells:show}th,td {border:1px solid #009;padding:.25em .5em}th {vertical-align:bottom}td {vertical-align:top}table a {font-weight:bold}.stripe td {background-color: #E6EBF9}.num {text-align:right}.passedodd td {background-color: #3F3}.passedeven td {background-color: #0A0}.skippedodd td {background-color: #DDD}.skippedeven td {background-color: #CCC}.failedodd td,.attn {background-color: #F33}.failedeven td,.stripe .attn {background-color: #D00}.stacktrace {white-space:pre;font-family:monospace}.totop {font-size:85%;text-align:center;border-bottom:2px solid #000}.invisible {display:none}</style>
</head>
<body>
<table>
<tr><th>Test</th><th># Passed</th><th># Skipped</th><th># Failed</th><th>Time (ms)</th><th>Included Groups</th><th>Excluded Groups</th></tr>
<tr><th colspan="7">Frank</th></tr>
<tr><td><a href="#t0">Campaigns Creation</a></td><td class="num">31</td><td class="num">0</td><td class="num attn">5</td><td class="num">494,604</td><td></td><td></td></tr>
</table>
<table id='summary'><thead><tr><th>Class</th><th>Method</th><th>Start</th><th>Time (ms)</th></tr></thead><tbody><tr><th colspan="4">Frank</th></tr></tbody><tbody id="t0"><tr><th colspan="4">Campaigns Creation &#8212; failed</th></tr><tr class="failedeven"><td rowspan="3">mikaels.frank.AdwordsCampaignCreation</td><td><a href="#m0">Test16_Click_Continue_To_Billing</a></td><td rowspan="1">1537963679772</td><td rowspan="1">5061</td></tr><tr class="failedeven"><td><a href="#m1">Test17_Select_End_Date</a></td><td rowspan="1">1537963684833</td><td rowspan="1">60018</td></tr><tr class="failedeven"><td><a href="#m2">Test18_Create_Campaign_And_Verify</a></td><td rowspan="1">1537963744867</td><td rowspan="1">61409</td></tr><tr class="failedodd"><td rowspan="2">mikaels.frank.FbCampaignCreation</td><td><a href="#m3">Test17_Select_End_Date</a></td><td rowspan="1">1537963430307</td><td rowspan="1">7663</td></tr><tr class="failedodd"><td><a href="#m4">Test18_Create_Campaign_And_Verify</a></td><td rowspan="1">1537963437983</td><td rowspan="1">121182</td></tr><tr><th colspan="4">Campaigns Creation &#8212; passed</th></tr><tr class="passedeven"><td rowspan="15">mikaels.frank.AdwordsCampaignCreation</td><td><a href="#m5">Test01_Verify_Frank_Title</a></td><td rowspan="1">1537963576266</td><td rowspan="1">6</td></tr><tr class="passedeven"><td><a href="#m6">Test02_Perform_Signin</a></td><td rowspan="1">1537963576273</td><td rowspan="1">11872</td></tr><tr class="passedeven"><td><a href="#m7">Test03_Verify_Signin</a></td><td rowspan="1">1537963588145</td><td rowspan="1">2443</td></tr><tr class="passedeven"><td><a href="#m8">Test04_Click_Create_Campaign</a></td><td rowspan="1">1537963590588</td><td rowspan="1">5114</td></tr><tr class="passedeven"><td><a href="#m9">Test05_Campaign_Setup_Step</a></td><td rowspan="1">1537963595702</td><td rowspan="1">27850</td></tr><tr class="passedeven"><td><a href="#m10">Test06_Select_Location</a></td><td rowspan="1">1537963623552</td><td rowspan="1">5783</td></tr><tr class="passedeven"><td><a href="#m11">Test07_Click_Save_And_Continue</a></td><td rowspan="1">1537963629335</td><td rowspan="1">2222</td></tr><tr class="passedeven"><td><a href="#m12">Test08_Select_Age_Group</a></td><td rowspan="1">1537963631557</td><td rowspan="1">5289</td></tr><tr class="passedeven"><td><a href="#m13">Test09_Select_Target_Language_Speakers</a></td><td rowspan="1">1537963636846</td><td rowspan="1">1159</td></tr><tr class="passedeven"><td><a href="#m14">Test10_Select_Specific_Interest</a></td><td rowspan="1">1537963638005</td><td rowspan="1">12085</td></tr><tr class="passedeven"><td><a href="#m15">Test11_Upload_1000_Contacts_txt_or_csv</a></td><td rowspan="1">1537963650091</td><td rowspan="1">11193</td></tr><tr class="passedeven"><td><a href="#m16">Test12_Click_Save_And_Continue2</a></td><td rowspan="1">1537963661284</td><td rowspan="1">5178</td></tr><tr class="passedeven"><td><a href="#m17">Test13_Click_Create_Adwords_Ad</a></td><td rowspan="1">1537963666462</td><td rowspan="1">1102</td></tr><tr class="passedeven"><td><a href="#m18">Test14_Fill_Fb_Ad_Form</a></td><td rowspan="1">1537963667564</td><td rowspan="1">3529</td></tr><tr class="passedeven"><td><a href="#m19">Test15_Upload_Banners</a></td><td rowspan="1">1537963671093</td><td rowspan="1">8678</td></tr><tr class="passedodd"><td rowspan="16">mikaels.frank.FbCampaignCreation</td><td><a href="#m20">Test01_Verify_Frank_Title</a></td><td rowspan="1">1537963335827</td><td rowspan="1">1</td></tr><tr class="passedodd"><td><a href="#m21">Test02_Perform_Signin</a></td><td rowspan="1">1537963335828</td><td rowspan="1">11524</td></tr><tr class="passedodd"><td><a href="#m22">Test03_Verify_Signin</a></td><td rowspan="1">1537963347352</td><td rowspan="1">132</td></tr><tr class="passedodd"><td><a href="#m23">Test04_Click_Create_Campaign</a></td><td rowspan="1">1537963347485</td><td rowspan="1">5133</td></tr><tr class="passedodd"><td><a href="#m24">Test05_Campaign_Setup_Step</a></td><td rowspan="1">1537963352619</td><td rowspan="1">9047</td></tr><tr class="passedodd"><td><a href="#m25">Test06_Select_Location</a></td><td rowspan="1">1537963361667</td><td rowspan="1">5589</td></tr><tr class="passedodd"><td><a href="#m26">Test07_Click_Save_And_Continue</a></td><td rowspan="1">1537963367256</td><td rowspan="1">2202</td></tr><tr class="passedodd"><td><a href="#m27">Test08_Select_Age_Group</a></td><td rowspan="1">1537963369458</td><td rowspan="1">2120</td></tr><tr class="passedodd"><td><a href="#m28">Test09_Select_Target_Language_Speakers</a></td><td rowspan="1">1537963371578</td><td rowspan="1">1124</td></tr><tr class="passedodd"><td><a href="#m29">Test10_Select_Specific_Interest</a></td><td rowspan="1">1537963372703</td><td rowspan="1">12007</td></tr><tr class="passedodd"><td><a href="#m30">Test11_Upload_1000_Contacts_txt_or_csv</a></td><td rowspan="1">1537963384710</td><td rowspan="1">11430</td></tr><tr class="passedodd"><td><a href="#m31">Test12_Click_Save_And_Continue2</a></td><td rowspan="1">1537963396140</td><td rowspan="1">5166</td></tr><tr class="passedodd"><td><a href="#m32">Test13_Click_Create_Fb_Ad</a></td><td rowspan="1">1537963401306</td><td rowspan="1">1134</td></tr><tr class="passedodd"><td><a href="#m33">Test14_Fill_Fb_Ad_Form</a></td><td rowspan="1">1537963402440</td><td rowspan="1">14092</td></tr><tr class="passedodd"><td><a href="#m34">Test15_Upload_Banners</a></td><td rowspan="1">1537963416532</td><td rowspan="1">8657</td></tr><tr class="passedodd"><td><a href="#m35">Test16_Click_Continue_To_Billing</a></td><td rowspan="1">1537963425190</td><td rowspan="1">5117</td></tr></tbody>
</table>
<h2>Campaigns Creation</h2><h3 id="m0">mikaels.frank.AdwordsCampaignCreation#Test16_Click_Continue_To_Billing</h3><table class="result"><tr><th>Exception</th></tr><tr><td><div class="stacktrace">org.openqa.selenium.WebDriverException: unknown error: Element &lt;button id=&quot;save-creatives&quot; type=&quot;submit&quot; class=&quot;ui big orange button right floated&quot;&gt;...&lt;/button&gt; is not clickable at point (884, 33). Other element would receive the click: &lt;a class=&quot;ui secondary button&quot; href=&quot;https://dev.frank.ai/campaigns/new&quot;&gt;...&lt;/a&gt;
  (Session info: chrome=68.0.3440.106)
  (Driver info: chromedriver=2.35.528161 (5b82f2d2aae0ca24b877009200ced9065a772e73),platform=Windows NT 10.0.17134 x86_64) (WARNING: The server did not provide any stacktrace information)
Command duration or timeout: 0 milliseconds
Build info: version: &apos;3.11.0&apos;, revision: &apos;e59cfb3&apos;, time: &apos;2018-03-11T20:26:55.152Z&apos;
System info: host: &apos;DESKTOP-L4S2AS9&apos;, ip: &apos;192.168.0.114&apos;, os.name: &apos;Windows 10&apos;, os.arch: &apos;amd64&apos;, os.version: &apos;10.0&apos;, java.version: &apos;10.0.2&apos;
Driver info: org.openqa.selenium.chrome.ChromeDriver
Capabilities {acceptInsecureCerts: false, acceptSslCerts: false, applicationCacheEnabled: false, browserConnectionEnabled: false, browserName: chrome, chrome: {chromedriverVersion: 2.35.528161 (5b82f2d2aae0ca..., userDataDir: C:\Users\ABC\AppData\Local\...}, cssSelectorsEnabled: true, databaseEnabled: false, handlesAlerts: true, hasTouchScreen: false, javascriptEnabled: true, locationContextEnabled: true, mobileEmulationEnabled: false, nativeEvents: true, networkConnectionEnabled: false, pageLoadStrategy: normal, platform: XP, platformName: XP, rotatable: false, setWindowRect: true, takesHeapSnapshot: true, takesScreenshot: true, unexpectedAlertBehaviour: , unhandledPromptBehavior: , version: 68.0.3440.106, webStorageEnabled: true}
Session ID: 95e5202d7ae802be45124b9b24c36e86
	at org.openqa.selenium.remote.ErrorHandler.createThrowable(ErrorHandler.java:214)
	at org.openqa.selenium.remote.ErrorHandler.throwIfResponseFailed(ErrorHandler.java:166)
	at org.openqa.selenium.remote.http.JsonHttpResponseCodec.reconstructValue(JsonHttpResponseCodec.java:40)
	at org.openqa.selenium.remote.http.AbstractHttpResponseCodec.decode(AbstractHttpResponseCodec.java:80)
	at org.openqa.selenium.remote.http.AbstractHttpResponseCodec.decode(AbstractHttpResponseCodec.java:44)
	at org.openqa.selenium.remote.HttpCommandExecutor.execute(HttpCommandExecutor.java:158)
	at org.openqa.selenium.remote.service.DriverCommandExecutor.execute(DriverCommandExecutor.java:83)
	at org.openqa.selenium.remote.RemoteWebDriver.execute(RemoteWebDriver.java:545)
	at org.openqa.selenium.remote.RemoteWebElement.execute(RemoteWebElement.java:279)
	at org.openqa.selenium.remote.RemoteWebElement.click(RemoteWebElement.java:83)
	at org.openqa.selenium.support.pagefactory.internal.LocatingElementHandler.invoke(LocatingElementHandler.java:51)
	at com.sun.proxy.$Proxy9.click(Unknown Source)
	at mikaels.frank.ui.AdwordsCampaignCreation_UI.ClickContinueToBilling(AdwordsCampaignCreation_UI.java:387)
	at mikaels.frank.AdwordsCampaignCreation.Test16_Click_Continue_To_Billing(AdwordsCampaignCreation.java:111)
... Removed 36 stack frames</div></td></tr></table><p class="totop"><a href="#summary">back to summary</a></p>
<h3 id="m1">mikaels.frank.AdwordsCampaignCreation#Test17_Select_End_Date</h3><table class="result"><tr><th>Exception</th></tr><tr><td><div class="stacktrace">org.openqa.selenium.NoSuchElementException: no such element: Unable to locate element: {&quot;method&quot;:&quot;css selector&quot;,&quot;selector&quot;:&quot;[id = &apos;end-date-input&apos;]&quot;}
  (Session info: chrome=68.0.3440.106)
  (Driver info: chromedriver=2.35.528161 (5b82f2d2aae0ca24b877009200ced9065a772e73),platform=Windows NT 10.0.17134 x86_64) (WARNING: The server did not provide any stacktrace information)
Command duration or timeout: 0 milliseconds
For documentation on this error, please visit: http://seleniumhq.org/exceptions/no_such_element.html
Build info: version: &apos;3.11.0&apos;, revision: &apos;e59cfb3&apos;, time: &apos;2018-03-11T20:26:55.152Z&apos;
System info: host: &apos;DESKTOP-L4S2AS9&apos;, ip: &apos;192.168.0.114&apos;, os.name: &apos;Windows 10&apos;, os.arch: &apos;amd64&apos;, os.version: &apos;10.0&apos;, java.version: &apos;10.0.2&apos;
Driver info: org.openqa.selenium.chrome.ChromeDriver
Capabilities {acceptInsecureCerts: false, acceptSslCerts: false, applicationCacheEnabled: false, browserConnectionEnabled: false, browserName: chrome, chrome: {chromedriverVersion: 2.35.528161 (5b82f2d2aae0ca..., userDataDir: C:\Users\ABC\AppData\Local\...}, cssSelectorsEnabled: true, databaseEnabled: false, handlesAlerts: true, hasTouchScreen: false, javascriptEnabled: true, locationContextEnabled: true, mobileEmulationEnabled: false, nativeEvents: true, networkConnectionEnabled: false, pageLoadStrategy: normal, platform: XP, platformName: XP, rotatable: false, setWindowRect: true, takesHeapSnapshot: true, takesScreenshot: true, unexpectedAlertBehaviour: , unhandledPromptBehavior: , version: 68.0.3440.106, webStorageEnabled: true}
Session ID: 95e5202d7ae802be45124b9b24c36e86
*** Element info: {Using=css selector, value=[id = &apos;end-date-input&apos;]}
	at org.openqa.selenium.remote.ErrorHandler.createThrowable(ErrorHandler.java:214)
	at org.openqa.selenium.remote.ErrorHandler.throwIfResponseFailed(ErrorHandler.java:166)
	at org.openqa.selenium.remote.http.JsonHttpResponseCodec.reconstructValue(JsonHttpResponseCodec.java:40)
	at org.openqa.selenium.remote.http.AbstractHttpResponseCodec.decode(AbstractHttpResponseCodec.java:80)
	at org.openqa.selenium.remote.http.AbstractHttpResponseCodec.decode(AbstractHttpResponseCodec.java:44)
	at org.openqa.selenium.remote.HttpCommandExecutor.execute(HttpCommandExecutor.java:158)
	at org.openqa.selenium.remote.service.DriverCommandExecutor.execute(DriverCommandExecutor.java:83)
	at org.openqa.selenium.remote.RemoteWebDriver.execute(RemoteWebDriver.java:545)
	at org.openqa.selenium.remote.RemoteWebDriver.findElement(RemoteWebDriver.java:319)
	at org.openqa.selenium.remote.RemoteWebDriver.findElementByCssSelector(RemoteWebDriver.java:413)
	at org.openqa.selenium.By$ByCssSelector.findElement(By.java:430)
	at org.openqa.selenium.remote.RemoteWebDriver.findElement(RemoteWebDriver.java:311)
	at org.openqa.selenium.support.pagefactory.DefaultElementLocator.findElement(DefaultElementLocator.java:69)
	at org.openqa.selenium.support.pagefactory.internal.LocatingElementHandler.invoke(LocatingElementHandler.java:38)
	at com.sun.proxy.$Proxy9.click(Unknown Source)
	at mikaels.frank.ui.AdwordsCampaignCreation_UI.SelectEndDate(AdwordsCampaignCreation_UI.java:391)
	at mikaels.frank.AdwordsCampaignCreation.Test17_Select_End_Date(AdwordsCampaignCreation.java:116)
... Removed 33 stack frames</div></td></tr></table><p class="totop"><a href="#summary">back to summary</a></p>
<h3 id="m2">mikaels.frank.AdwordsCampaignCreation#Test18_Create_Campaign_And_Verify</h3><table class="result"><tr><th>Exception</th></tr><tr><td><div class="stacktrace">org.openqa.selenium.TimeoutException: Expected condition failed: waiting for visibility of [[ChromeDriver: chrome on XP (95e5202d7ae802be45124b9b24c36e86)] -&gt; xpath: //html/body/div[3]/div/div[1]/div[2]/div] (tried for 60 second(s) with 500 milliseconds interval)
Build info: version: &apos;3.11.0&apos;, revision: &apos;e59cfb3&apos;, time: &apos;2018-03-11T20:26:55.152Z&apos;
System info: host: &apos;DESKTOP-L4S2AS9&apos;, ip: &apos;192.168.0.114&apos;, os.name: &apos;Windows 10&apos;, os.arch: &apos;amd64&apos;, os.version: &apos;10.0&apos;, java.version: &apos;10.0.2&apos;
Driver info: org.openqa.selenium.chrome.ChromeDriver
Capabilities {acceptInsecureCerts: false, acceptSslCerts: false, applicationCacheEnabled: false, browserConnectionEnabled: false, browserName: chrome, chrome: {chromedriverVersion: 2.35.528161 (5b82f2d2aae0ca..., userDataDir: C:\Users\ABC\AppData\Local\...}, cssSelectorsEnabled: true, databaseEnabled: false, handlesAlerts: true, hasTouchScreen: false, javascriptEnabled: true, locationContextEnabled: true, mobileEmulationEnabled: false, nativeEvents: true, networkConnectionEnabled: false, pageLoadStrategy: normal, platform: XP, platformName: XP, rotatable: false, setWindowRect: true, takesHeapSnapshot: true, takesScreenshot: true, unexpectedAlertBehaviour: , unhandledPromptBehavior: , version: 68.0.3440.106, webStorageEnabled: true}
Session ID: 95e5202d7ae802be45124b9b24c36e86
	at org.openqa.selenium.support.ui.WebDriverWait.timeoutException(WebDriverWait.java:81)
	at org.openqa.selenium.support.ui.FluentWait.until(FluentWait.java:271)
	at mikaels.frank.baseclass.BaseUi.waitForElementToVisible(BaseUi.java:428)
	at mikaels.frank.baseclass.BaseUi.isElementDisplayed(BaseUi.java:167)
	at mikaels.frank.ui.AdwordsCampaignCreation_UI.VerifyCampaignCreatedSuccessMessage(AdwordsCampaignCreation_UI.java:403)
	at mikaels.frank.AdwordsCampaignCreation.Test18_Create_Campaign_And_Verify(AdwordsCampaignCreation.java:121)
... Removed 29 stack frames</div></td></tr></table><p class="totop"><a href="#summary">back to summary</a></p>
<h3 id="m3">mikaels.frank.FbCampaignCreation#Test17_Select_End_Date</h3><table class="result"><tr><th>Exception</th></tr><tr><td><div class="stacktrace">org.openqa.selenium.WebDriverException: unknown error: Element &lt;button type=&quot;submit&quot; onclick=&quot;this.className+=&apos; disabled&apos;;&quot; class=&quot;ui big orange button right floated&quot;&gt;...&lt;/button&gt; is not clickable at point (864, 525). Other element would receive the click: &lt;td class=&quot;six wide&quot;&gt;...&lt;/td&gt;
  (Session info: chrome=68.0.3440.106)
  (Driver info: chromedriver=2.35.528161 (5b82f2d2aae0ca24b877009200ced9065a772e73),platform=Windows NT 10.0.17134 x86_64) (WARNING: The server did not provide any stacktrace information)
Command duration or timeout: 0 milliseconds
Build info: version: &apos;3.11.0&apos;, revision: &apos;e59cfb3&apos;, time: &apos;2018-03-11T20:26:55.152Z&apos;
System info: host: &apos;DESKTOP-L4S2AS9&apos;, ip: &apos;192.168.0.114&apos;, os.name: &apos;Windows 10&apos;, os.arch: &apos;amd64&apos;, os.version: &apos;10.0&apos;, java.version: &apos;10.0.2&apos;
Driver info: org.openqa.selenium.chrome.ChromeDriver
Capabilities {acceptInsecureCerts: false, acceptSslCerts: false, applicationCacheEnabled: false, browserConnectionEnabled: false, browserName: chrome, chrome: {chromedriverVersion: 2.35.528161 (5b82f2d2aae0ca..., userDataDir: C:\Users\ABC\AppData\Local\...}, cssSelectorsEnabled: true, databaseEnabled: false, handlesAlerts: true, hasTouchScreen: false, javascriptEnabled: true, locationContextEnabled: true, mobileEmulationEnabled: false, nativeEvents: true, networkConnectionEnabled: false, pageLoadStrategy: normal, platform: XP, platformName: XP, rotatable: false, setWindowRect: true, takesHeapSnapshot: true, takesScreenshot: true, unexpectedAlertBehaviour: , unhandledPromptBehavior: , version: 68.0.3440.106, webStorageEnabled: true}
Session ID: bf706bbf7adc9efb3d635054ccee72b5
	at org.openqa.selenium.remote.ErrorHandler.createThrowable(ErrorHandler.java:214)
	at org.openqa.selenium.remote.ErrorHandler.throwIfResponseFailed(ErrorHandler.java:166)
	at org.openqa.selenium.remote.http.JsonHttpResponseCodec.reconstructValue(JsonHttpResponseCodec.java:40)
	at org.openqa.selenium.remote.http.AbstractHttpResponseCodec.decode(AbstractHttpResponseCodec.java:80)
	at org.openqa.selenium.remote.http.AbstractHttpResponseCodec.decode(AbstractHttpResponseCodec.java:44)
	at org.openqa.selenium.remote.HttpCommandExecutor.execute(HttpCommandExecutor.java:158)
	at org.openqa.selenium.remote.service.DriverCommandExecutor.execute(DriverCommandExecutor.java:83)
	at org.openqa.selenium.remote.RemoteWebDriver.execute(RemoteWebDriver.java:545)
	at org.openqa.selenium.remote.RemoteWebElement.execute(RemoteWebElement.java:279)
	at org.openqa.selenium.remote.RemoteWebElement.click(RemoteWebElement.java:83)
	at org.openqa.selenium.support.pagefactory.internal.LocatingElementHandler.invoke(LocatingElementHandler.java:51)
	at com.sun.proxy.$Proxy9.click(Unknown Source)
	at mikaels.frank.ui.FbCampaignCreation_UI.SelectEndDate(FbCampaignCreation_UI.java:367)
	at mikaels.frank.FbCampaignCreation.Test17_Select_End_Date(FbCampaignCreation.java:119)
... Removed 36 stack frames</div></td></tr></table><p class="totop"><a href="#summary">back to summary</a></p>
<h3 id="m4">mikaels.frank.FbCampaignCreation#Test18_Create_Campaign_And_Verify</h3><table class="result"><tr><th>Exception</th></tr><tr><td><div class="stacktrace">org.openqa.selenium.TimeoutException: Expected condition failed: waiting for visibility of Proxy element for: DefaultElementLocator &apos;By.xpath: //html/body/div[3]/div/div[1]/div[2]/div&apos; (tried for 60 second(s) with 500 milliseconds interval)
	at org.openqa.selenium.support.ui.WebDriverWait.timeoutException(WebDriverWait.java:81)
	at org.openqa.selenium.support.ui.FluentWait.until(FluentWait.java:271)
	at mikaels.frank.baseclass.BaseUi.waitForElementToVisible(BaseUi.java:428)
	at mikaels.frank.baseclass.BaseUi.isElementDisplayed(BaseUi.java:167)
	at mikaels.frank.ui.FbCampaignCreation_UI.VerifyCampaignCreatedSuccessMessage(FbCampaignCreation_UI.java:373)
	at mikaels.frank.FbCampaignCreation.Test18_Create_Campaign_And_Verify(FbCampaignCreation.java:124)
Caused by: org.openqa.selenium.NoSuchElementException: no such element: Unable to locate element: {&quot;method&quot;:&quot;xpath&quot;,&quot;selector&quot;:&quot;//html/body/div[3]/div/div[1]/div[2]/div&quot;}
  (Session info: chrome=68.0.3440.106)
  (Driver info: chromedriver=2.35.528161 (5b82f2d2aae0ca24b877009200ced9065a772e73),platform=Windows NT 10.0.17134 x86_64) (WARNING: The server did not provide any stacktrace information)
Command duration or timeout: 0 milliseconds
For documentation on this error, please visit: http://seleniumhq.org/exceptions/no_such_element.html
Build info: version: &apos;3.11.0&apos;, revision: &apos;e59cfb3&apos;, time: &apos;2018-03-11T20:26:55.152Z&apos;
System info: host: &apos;DESKTOP-L4S2AS9&apos;, ip: &apos;192.168.0.114&apos;, os.name: &apos;Windows 10&apos;, os.arch: &apos;amd64&apos;, os.version: &apos;10.0&apos;, java.version: &apos;10.0.2&apos;
Driver info: org.openqa.selenium.chrome.ChromeDriver
Capabilities {acceptInsecureCerts: false, acceptSslCerts: false, applicationCacheEnabled: false, browserConnectionEnabled: false, browserName: chrome, chrome: {chromedriverVersion: 2.35.528161 (5b82f2d2aae0ca..., userDataDir: C:\Users\ABC\AppData\Local\...}, cssSelectorsEnabled: true, databaseEnabled: false, handlesAlerts: true, hasTouchScreen: false, javascriptEnabled: true, locationContextEnabled: true, mobileEmulationEnabled: false, nativeEvents: true, networkConnectionEnabled: false, pageLoadStrategy: normal, platform: XP, platformName: XP, rotatable: false, setWindowRect: true, takesHeapSnapshot: true, takesScreenshot: true, unexpectedAlertBehaviour: , unhandledPromptBehavior: , version: 68.0.3440.106, webStorageEnabled: true}
Session ID: bf706bbf7adc9efb3d635054ccee72b5
*** Element info: {Using=xpath, value=//html/body/div[3]/div/div[1]/div[2]/div}
	at org.openqa.selenium.remote.ErrorHandler.createThrowable(ErrorHandler.java:214)
	at org.openqa.selenium.remote.ErrorHandler.throwIfResponseFailed(ErrorHandler.java:166)
	at org.openqa.selenium.remote.http.JsonHttpResponseCodec.reconstructValue(JsonHttpResponseCodec.java:40)
	at org.openqa.selenium.remote.http.AbstractHttpResponseCodec.decode(AbstractHttpResponseCodec.java:80)
	at org.openqa.selenium.remote.http.AbstractHttpResponseCodec.decode(AbstractHttpResponseCodec.java:44)
	at org.openqa.selenium.remote.HttpCommandExecutor.execute(HttpCommandExecutor.java:158)
	at org.openqa.selenium.remote.service.DriverCommandExecutor.execute(DriverCommandExecutor.java:83)
	at org.openqa.selenium.remote.RemoteWebDriver.execute(RemoteWebDriver.java:545)
	at org.openqa.selenium.remote.RemoteWebDriver.findElement(RemoteWebDriver.java:319)
	at org.openqa.selenium.remote.RemoteWebDriver.findElementByXPath(RemoteWebDriver.java:421)
	at org.openqa.selenium.By$ByXPath.findElement(By.java:361)
	at org.openqa.selenium.remote.RemoteWebDriver.findElement(RemoteWebDriver.java:311)
	at org.openqa.selenium.support.pagefactory.DefaultElementLocator.findElement(DefaultElementLocator.java:69)
	at org.openqa.selenium.support.pagefactory.internal.LocatingElementHandler.invoke(LocatingElementHandler.java:38)
	at com.sun.proxy.$Proxy9.isDisplayed(Unknown Source)
	at org.openqa.selenium.support.ui.ExpectedConditions.elementIfVisible(ExpectedConditions.java:315)
	at org.openqa.selenium.support.ui.ExpectedConditions.access$100(ExpectedConditions.java:44)
	at org.openqa.selenium.support.ui.ExpectedConditions$10.apply(ExpectedConditions.java:301)
	at org.openqa.selenium.support.ui.ExpectedConditions$10.apply(ExpectedConditions.java:298)
	at org.openqa.selenium.support.ui.FluentWait.until(FluentWait.java:248)
	... 33 more
... Removed 33 stack frames</div></td></tr></table><p class="totop"><a href="#summary">back to summary</a></p>
<h3 id="m5">mikaels.frank.AdwordsCampaignCreation#Test01_Verify_Frank_Title</h3><table class="result"><tr><th class="invisible"/></tr></table><p class="totop"><a href="#summary">back to summary</a></p>
<h3 id="m6">mikaels.frank.AdwordsCampaignCreation#Test02_Perform_Signin</h3><table class="result"><tr><th class="invisible"/></tr></table><p class="totop"><a href="#summary">back to summary</a></p>
<h3 id="m7">mikaels.frank.AdwordsCampaignCreation#Test03_Verify_Signin</h3><table class="result"><tr><th class="invisible"/></tr></table><p class="totop"><a href="#summary">back to summary</a></p>
<h3 id="m8">mikaels.frank.AdwordsCampaignCreation#Test04_Click_Create_Campaign</h3><table class="result"><tr><th class="invisible"/></tr></table><p class="totop"><a href="#summary">back to summary</a></p>
<h3 id="m9">mikaels.frank.AdwordsCampaignCreation#Test05_Campaign_Setup_Step</h3><table class="result"><tr><th class="invisible"/></tr></table><p class="totop"><a href="#summary">back to summary</a></p>
<h3 id="m10">mikaels.frank.AdwordsCampaignCreation#Test06_Select_Location</h3><table class="result"><tr><th class="invisible"/></tr></table><p class="totop"><a href="#summary">back to summary</a></p>
<h3 id="m11">mikaels.frank.AdwordsCampaignCreation#Test07_Click_Save_And_Continue</h3><table class="result"><tr><th class="invisible"/></tr></table><p class="totop"><a href="#summary">back to summary</a></p>
<h3 id="m12">mikaels.frank.AdwordsCampaignCreation#Test08_Select_Age_Group</h3><table class="result"><tr><th class="invisible"/></tr></table><p class="totop"><a href="#summary">back to summary</a></p>
<h3 id="m13">mikaels.frank.AdwordsCampaignCreation#Test09_Select_Target_Language_Speakers</h3><table class="result"><tr><th class="invisible"/></tr></table><p class="totop"><a href="#summary">back to summary</a></p>
<h3 id="m14">mikaels.frank.AdwordsCampaignCreation#Test10_Select_Specific_Interest</h3><table class="result"><tr><th class="invisible"/></tr></table><p class="totop"><a href="#summary">back to summary</a></p>
<h3 id="m15">mikaels.frank.AdwordsCampaignCreation#Test11_Upload_1000_Contacts_txt_or_csv</h3><table class="result"><tr><th class="invisible"/></tr></table><p class="totop"><a href="#summary">back to summary</a></p>
<h3 id="m16">mikaels.frank.AdwordsCampaignCreation#Test12_Click_Save_And_Continue2</h3><table class="result"><tr><th class="invisible"/></tr></table><p class="totop"><a href="#summary">back to summary</a></p>
<h3 id="m17">mikaels.frank.AdwordsCampaignCreation#Test13_Click_Create_Adwords_Ad</h3><table class="result"><tr><th class="invisible"/></tr></table><p class="totop"><a href="#summary">back to summary</a></p>
<h3 id="m18">mikaels.frank.AdwordsCampaignCreation#Test14_Fill_Fb_Ad_Form</h3><table class="result"><tr><th class="invisible"/></tr></table><p class="totop"><a href="#summary">back to summary</a></p>
<h3 id="m19">mikaels.frank.AdwordsCampaignCreation#Test15_Upload_Banners</h3><table class="result"><tr><th class="invisible"/></tr></table><p class="totop"><a href="#summary">back to summary</a></p>
<h3 id="m20">mikaels.frank.FbCampaignCreation#Test01_Verify_Frank_Title</h3><table class="result"><tr><th class="invisible"/></tr></table><p class="totop"><a href="#summary">back to summary</a></p>
<h3 id="m21">mikaels.frank.FbCampaignCreation#Test02_Perform_Signin</h3><table class="result"><tr><th class="invisible"/></tr></table><p class="totop"><a href="#summary">back to summary</a></p>
<h3 id="m22">mikaels.frank.FbCampaignCreation#Test03_Verify_Signin</h3><table class="result"><tr><th class="invisible"/></tr></table><p class="totop"><a href="#summary">back to summary</a></p>
<h3 id="m23">mikaels.frank.FbCampaignCreation#Test04_Click_Create_Campaign</h3><table class="result"><tr><th class="invisible"/></tr></table><p class="totop"><a href="#summary">back to summary</a></p>
<h3 id="m24">mikaels.frank.FbCampaignCreation#Test05_Campaign_Setup_Step</h3><table class="result"><tr><th class="invisible"/></tr></table><p class="totop"><a href="#summary">back to summary</a></p>
<h3 id="m25">mikaels.frank.FbCampaignCreation#Test06_Select_Location</h3><table class="result"><tr><th class="invisible"/></tr></table><p class="totop"><a href="#summary">back to summary</a></p>
<h3 id="m26">mikaels.frank.FbCampaignCreation#Test07_Click_Save_And_Continue</h3><table class="result"><tr><th class="invisible"/></tr></table><p class="totop"><a href="#summary">back to summary</a></p>
<h3 id="m27">mikaels.frank.FbCampaignCreation#Test08_Select_Age_Group</h3><table class="result"><tr><th class="invisible"/></tr></table><p class="totop"><a href="#summary">back to summary</a></p>
<h3 id="m28">mikaels.frank.FbCampaignCreation#Test09_Select_Target_Language_Speakers</h3><table class="result"><tr><th class="invisible"/></tr></table><p class="totop"><a href="#summary">back to summary</a></p>
<h3 id="m29">mikaels.frank.FbCampaignCreation#Test10_Select_Specific_Interest</h3><table class="result"><tr><th class="invisible"/></tr></table><p class="totop"><a href="#summary">back to summary</a></p>
<h3 id="m30">mikaels.frank.FbCampaignCreation#Test11_Upload_1000_Contacts_txt_or_csv</h3><table class="result"><tr><th class="invisible"/></tr></table><p class="totop"><a href="#summary">back to summary</a></p>
<h3 id="m31">mikaels.frank.FbCampaignCreation#Test12_Click_Save_And_Continue2</h3><table class="result"><tr><th class="invisible"/></tr></table><p class="totop"><a href="#summary">back to summary</a></p>
<h3 id="m32">mikaels.frank.FbCampaignCreation#Test13_Click_Create_Fb_Ad</h3><table class="result"><tr><th class="invisible"/></tr></table><p class="totop"><a href="#summary">back to summary</a></p>
<h3 id="m33">mikaels.frank.FbCampaignCreation#Test14_Fill_Fb_Ad_Form</h3><table class="result"><tr><th class="invisible"/></tr></table><p class="totop"><a href="#summary">back to summary</a></p>
<h3 id="m34">mikaels.frank.FbCampaignCreation#Test15_Upload_Banners</h3><table class="result"><tr><th class="invisible"/></tr></table><p class="totop"><a href="#summary">back to summary</a></p>
<h3 id="m35">mikaels.frank.FbCampaignCreation#Test16_Click_Continue_To_Billing</h3><table class="result"><tr><th class="invisible"/></tr></table><p class="totop"><a href="#summary">back to summary</a></p>
</body>
</html>
