<?xml version="1.0" encoding="UTF-8"?>
<!-- Generated by org.testng.reporters.JUnitXMLReporter -->
<testsuite ignored="0" hostname="DESKTOP-L4S2AS9" failures="5" tests="36" name="Campaigns Creation" time="494.604" errors="0" timestamp="26 Sep 2018 12:10:06 GMT">
  <testcase classname="mikaels.frank.FbCampaignCreation" name="Test01_Verify_Frank_Title" time="0.001"/>
  <testcase classname="mikaels.frank.FbCampaignCreation" name="Test02_Perform_Signin" time="11.524"/>
  <testcase classname="mikaels.frank.FbCampaignCreation" name="Test03_Verify_Signin" time="0.132"/>
  <testcase classname="mikaels.frank.FbCampaignCreation" name="Test04_Click_Create_Campaign" time="5.133"/>
  <testcase classname="mikaels.frank.FbCampaignCreation" name="Test05_Campaign_Setup_Step" time="9.047"/>
  <testcase classname="mikaels.frank.FbCampaignCreation" name="Test06_Select_Location" time="5.589"/>
  <testcase classname="mikaels.frank.FbCampaignCreation" name="Test07_Click_Save_And_Continue" time="2.202"/>
  <testcase classname="mikaels.frank.FbCampaignCreation" name="Test08_Select_Age_Group" time="2.12"/>
  <testcase classname="mikaels.frank.FbCampaignCreation" name="Test09_Select_Target_Language_Speakers" time="1.124"/>
  <testcase classname="mikaels.frank.FbCampaignCreation" name="Test10_Select_Specific_Interest" time="12.007"/>
  <testcase classname="mikaels.frank.FbCampaignCreation" name="Test11_Upload_1000_Contacts_txt_or_csv" time="11.43"/>
  <testcase classname="mikaels.frank.FbCampaignCreation" name="Test12_Click_Save_And_Continue2" time="5.166"/>
  <testcase classname="mikaels.frank.FbCampaignCreation" name="Test13_Click_Create_Fb_Ad" time="1.134"/>
  <testcase classname="mikaels.frank.FbCampaignCreation" name="Test14_Fill_Fb_Ad_Form" time="14.092"/>
  <testcase classname="mikaels.frank.FbCampaignCreation" name="Test15_Upload_Banners" time="8.657"/>
  <testcase classname="mikaels.frank.FbCampaignCreation" name="Test16_Click_Continue_To_Billing" time="5.117"/>
  <testcase classname="mikaels.frank.FbCampaignCreation" name="Test17_Select_End_Date" time="7.663">
    <failure type="org.openqa.selenium.WebDriverException" message="unknown error: Element &amp;lt;button type=&amp;quot;submit&amp;quot; onclick=&amp;quot;this.className+=&amp;apos; disabled&amp;apos;;&amp;quot; class=&amp;quot;ui big orange button right floated&amp;quot;&amp;gt;...&amp;lt;/button&amp;gt; is not clickable at point (864, 525). Other element would receive the click: &amp;lt;td class=&amp;quot;six wide&amp;quot;&amp;gt;...&amp;lt;/td&amp;gt;
  (Session info: chrome=68.0.3440.106)
  (Driver info: chromedriver=2.35.528161 (5b82f2d2aae0ca24b877009200ced9065a772e73),platform=Windows NT 10.0.17134 x86_64) (WARNING: The server did not provide any stacktrace information)
Command duration or timeout: 0 milliseconds
Build info: version: &amp;apos;3.11.0&amp;apos;, revision: &amp;apos;e59cfb3&amp;apos;, time: &amp;apos;2018-03-11T20:26:55.152Z&amp;apos;
System info: host: &amp;apos;DESKTOP-L4S2AS9&amp;apos;, ip: &amp;apos;192.168.0.114&amp;apos;, os.name: &amp;apos;Windows 10&amp;apos;, os.arch: &amp;apos;amd64&amp;apos;, os.version: &amp;apos;10.0&amp;apos;, java.version: &amp;apos;10.0.2&amp;apos;
Driver info: org.openqa.selenium.chrome.ChromeDriver
Capabilities {acceptInsecureCerts: false, acceptSslCerts: false, applicationCacheEnabled: false, browserConnectionEnabled: false, browserName: chrome, chrome: {chromedriverVersion: 2.35.528161 (5b82f2d2aae0ca..., userDataDir: C:\Users\ABC\AppData\Local\...}, cssSelectorsEnabled: true, databaseEnabled: false, handlesAlerts: true, hasTouchScreen: false, javascriptEnabled: true, locationContextEnabled: true, mobileEmulationEnabled: false, nativeEvents: true, networkConnectionEnabled: false, pageLoadStrategy: normal, platform: XP, platformName: XP, rotatable: false, setWindowRect: true, takesHeapSnapshot: true, takesScreenshot: true, unexpectedAlertBehaviour: , unhandledPromptBehavior: , version: 68.0.3440.106, webStorageEnabled: true}
Session ID: bf706bbf7adc9efb3d635054ccee72b5">
      <![CDATA[org.openqa.selenium.WebDriverException: unknown error: Element <button type="submit" onclick="this.className+=' disabled';" class="ui big orange button right floated">...</button> is not clickable at point (864, 525). Other element would receive the click: <td class="six wide">...</td>
  (Session info: chrome=68.0.3440.106)
  (Driver info: chromedriver=2.35.528161 (5b82f2d2aae0ca24b877009200ced9065a772e73),platform=Windows NT 10.0.17134 x86_64) (WARNING: The server did not provide any stacktrace information)
Command duration or timeout: 0 milliseconds
Build info: version: '3.11.0', revision: 'e59cfb3', time: '2018-03-11T20:26:55.152Z'
System info: host: 'DESKTOP-L4S2AS9', ip: '192.168.0.114', os.name: 'Windows 10', os.arch: 'amd64', os.version: '10.0', java.version: '10.0.2'
Driver info: org.openqa.selenium.chrome.ChromeDriver
Capabilities {acceptInsecureCerts: false, acceptSslCerts: false, applicationCacheEnabled: false, browserConnectionEnabled: false, browserName: chrome, chrome: {chromedriverVersion: 2.35.528161 (5b82f2d2aae0ca..., userDataDir: C:\Users\ABC\AppData\Local\...}, cssSelectorsEnabled: true, databaseEnabled: false, handlesAlerts: true, hasTouchScreen: false, javascriptEnabled: true, locationContextEnabled: true, mobileEmulationEnabled: false, nativeEvents: true, networkConnectionEnabled: false, pageLoadStrategy: normal, platform: XP, platformName: XP, rotatable: false, setWindowRect: true, takesHeapSnapshot: true, takesScreenshot: true, unexpectedAlertBehaviour: , unhandledPromptBehavior: , version: 68.0.3440.106, webStorageEnabled: true}
Session ID: bf706bbf7adc9efb3d635054ccee72b5
at org.openqa.selenium.remote.ErrorHandler.createThrowable(ErrorHandler.java:214)
at org.openqa.selenium.remote.ErrorHandler.throwIfResponseFailed(ErrorHandler.java:166)
at org.openqa.selenium.remote.http.JsonHttpResponseCodec.reconstructValue(JsonHttpResponseCodec.java:40)
at org.openqa.selenium.remote.http.AbstractHttpResponseCodec.decode(AbstractHttpResponseCodec.java:80)
at org.openqa.selenium.remote.http.AbstractHttpResponseCodec.decode(AbstractHttpResponseCodec.java:44)
at org.openqa.selenium.remote.HttpCommandExecutor.execute(HttpCommandExecutor.java:158)
at org.openqa.selenium.remote.service.DriverCommandExecutor.execute(DriverCommandExecutor.java:83)
at org.openqa.selenium.remote.RemoteWebDriver.execute(RemoteWebDriver.java:545)
at org.openqa.selenium.remote.RemoteWebElement.execute(RemoteWebElement.java:279)
at org.openqa.selenium.remote.RemoteWebElement.click(RemoteWebElement.java:83)
at org.openqa.selenium.support.pagefactory.internal.LocatingElementHandler.invoke(LocatingElementHandler.java:51)
at com.sun.proxy.$Proxy9.click(Unknown Source)
at mikaels.frank.ui.FbCampaignCreation_UI.SelectEndDate(FbCampaignCreation_UI.java:367)
at mikaels.frank.FbCampaignCreation.Test17_Select_End_Date(FbCampaignCreation.java:119)
... Removed 36 stack frames]]>
    </failure>
  </testcase> <!-- Test17_Select_End_Date -->
  <testcase classname="mikaels.frank.FbCampaignCreation" name="Test18_Create_Campaign_And_Verify" time="121.182">
    <failure type="org.openqa.selenium.TimeoutException" message="Expected condition failed: waiting for visibility of Proxy element for: DefaultElementLocator &amp;apos;By.xpath: //html/body/div[3]/div/div[1]/div[2]/div&amp;apos; (tried for 60 second(s) with 500 milliseconds interval)">
      <![CDATA[org.openqa.selenium.TimeoutException: Expected condition failed: waiting for visibility of Proxy element for: DefaultElementLocator 'By.xpath: //html/body/div[3]/div/div[1]/div[2]/div' (tried for 60 second(s) with 500 milliseconds interval)
at org.openqa.selenium.support.ui.WebDriverWait.timeoutException(WebDriverWait.java:81)
at org.openqa.selenium.support.ui.FluentWait.until(FluentWait.java:271)
at mikaels.frank.baseclass.BaseUi.waitForElementToVisible(BaseUi.java:428)
at mikaels.frank.baseclass.BaseUi.isElementDisplayed(BaseUi.java:167)
at mikaels.frank.ui.FbCampaignCreation_UI.VerifyCampaignCreatedSuccessMessage(FbCampaignCreation_UI.java:373)
at mikaels.frank.FbCampaignCreation.Test18_Create_Campaign_And_Verify(FbCampaignCreation.java:124)
Caused by: org.openqa.selenium.NoSuchElementException: no such element: Unable to locate element: {"method":"xpath","selector":"//html/body/div[3]/div/div[1]/div[2]/div"}
  (Session info: chrome=68.0.3440.106)
  (Driver info: chromedriver=2.35.528161 (5b82f2d2aae0ca24b877009200ced9065a772e73),platform=Windows NT 10.0.17134 x86_64) (WARNING: The server did not provide any stacktrace information)
Command duration or timeout: 0 milliseconds
For documentation on this error, please visit: http://seleniumhq.org/exceptions/no_such_element.html
Build info: version: '3.11.0', revision: 'e59cfb3', time: '2018-03-11T20:26:55.152Z'
System info: host: 'DESKTOP-L4S2AS9', ip: '192.168.0.114', os.name: 'Windows 10', os.arch: 'amd64', os.version: '10.0', java.version: '10.0.2'
Driver info: org.openqa.selenium.chrome.ChromeDriver
Capabilities {acceptInsecureCerts: false, acceptSslCerts: false, applicationCacheEnabled: false, browserConnectionEnabled: false, browserName: chrome, chrome: {chromedriverVersion: 2.35.528161 (5b82f2d2aae0ca..., userDataDir: C:\Users\ABC\AppData\Local\...}, cssSelectorsEnabled: true, databaseEnabled: false, handlesAlerts: true, hasTouchScreen: false, javascriptEnabled: true, locationContextEnabled: true, mobileEmulationEnabled: false, nativeEvents: true, networkConnectionEnabled: false, pageLoadStrategy: normal, platform: XP, platformName: XP, rotatable: false, setWindowRect: true, takesHeapSnapshot: true, takesScreenshot: true, unexpectedAlertBehaviour: , unhandledPromptBehavior: , version: 68.0.3440.106, webStorageEnabled: true}
Session ID: bf706bbf7adc9efb3d635054ccee72b5
*** Element info: {Using=xpath, value=//html/body/div[3]/div/div[1]/div[2]/div}
at org.openqa.selenium.remote.ErrorHandler.createThrowable(ErrorHandler.java:214)
at org.openqa.selenium.remote.ErrorHandler.throwIfResponseFailed(ErrorHandler.java:166)
at org.openqa.selenium.remote.http.JsonHttpResponseCodec.reconstructValue(JsonHttpResponseCodec.java:40)
at org.openqa.selenium.remote.http.AbstractHttpResponseCodec.decode(AbstractHttpResponseCodec.java:80)
at org.openqa.selenium.remote.http.AbstractHttpResponseCodec.decode(AbstractHttpResponseCodec.java:44)
at org.openqa.selenium.remote.HttpCommandExecutor.execute(HttpCommandExecutor.java:158)
at org.openqa.selenium.remote.service.DriverCommandExecutor.execute(DriverCommandExecutor.java:83)
at org.openqa.selenium.remote.RemoteWebDriver.execute(RemoteWebDriver.java:545)
at org.openqa.selenium.remote.RemoteWebDriver.findElement(RemoteWebDriver.java:319)
at org.openqa.selenium.remote.RemoteWebDriver.findElementByXPath(RemoteWebDriver.java:421)
at org.openqa.selenium.By$ByXPath.findElement(By.java:361)
at org.openqa.selenium.remote.RemoteWebDriver.findElement(RemoteWebDriver.java:311)
at org.openqa.selenium.support.pagefactory.DefaultElementLocator.findElement(DefaultElementLocator.java:69)
at org.openqa.selenium.support.pagefactory.internal.LocatingElementHandler.invoke(LocatingElementHandler.java:38)
at com.sun.proxy.$Proxy9.isDisplayed(Unknown Source)
at org.openqa.selenium.support.ui.ExpectedConditions.elementIfVisible(ExpectedConditions.java:315)
at org.openqa.selenium.support.ui.ExpectedConditions.access$100(ExpectedConditions.java:44)
at org.openqa.selenium.support.ui.ExpectedConditions$10.apply(ExpectedConditions.java:301)
at org.openqa.selenium.support.ui.ExpectedConditions$10.apply(ExpectedConditions.java:298)
at org.openqa.selenium.support.ui.FluentWait.until(FluentWait.java:248)
... 33 more
... Removed 33 stack frames]]>
    </failure>
  </testcase> <!-- Test18_Create_Campaign_And_Verify -->
  <testcase classname="mikaels.frank.AdwordsCampaignCreation" name="Test01_Verify_Frank_Title" time="0.006"/>
  <testcase classname="mikaels.frank.AdwordsCampaignCreation" name="Test02_Perform_Signin" time="11.872"/>
  <testcase classname="mikaels.frank.AdwordsCampaignCreation" name="Test03_Verify_Signin" time="2.443"/>
  <testcase classname="mikaels.frank.AdwordsCampaignCreation" name="Test04_Click_Create_Campaign" time="5.114"/>
  <testcase classname="mikaels.frank.AdwordsCampaignCreation" name="Test05_Campaign_Setup_Step" time="27.85"/>
  <testcase classname="mikaels.frank.AdwordsCampaignCreation" name="Test06_Select_Location" time="5.783"/>
  <testcase classname="mikaels.frank.AdwordsCampaignCreation" name="Test07_Click_Save_And_Continue" time="2.222"/>
  <testcase classname="mikaels.frank.AdwordsCampaignCreation" name="Test08_Select_Age_Group" time="5.289"/>
  <testcase classname="mikaels.frank.AdwordsCampaignCreation" name="Test09_Select_Target_Language_Speakers" time="1.159"/>
  <testcase classname="mikaels.frank.AdwordsCampaignCreation" name="Test10_Select_Specific_Interest" time="12.085"/>
  <testcase classname="mikaels.frank.AdwordsCampaignCreation" name="Test11_Upload_1000_Contacts_txt_or_csv" time="11.193"/>
  <testcase classname="mikaels.frank.AdwordsCampaignCreation" name="Test12_Click_Save_And_Continue2" time="5.178"/>
  <testcase classname="mikaels.frank.AdwordsCampaignCreation" name="Test13_Click_Create_Adwords_Ad" time="1.102"/>
  <testcase classname="mikaels.frank.AdwordsCampaignCreation" name="Test14_Fill_Fb_Ad_Form" time="3.529"/>
  <testcase classname="mikaels.frank.AdwordsCampaignCreation" name="Test15_Upload_Banners" time="8.678"/>
  <testcase classname="mikaels.frank.AdwordsCampaignCreation" name="Test16_Click_Continue_To_Billing" time="5.061">
    <failure type="org.openqa.selenium.WebDriverException" message="unknown error: Element &amp;lt;button id=&amp;quot;save-creatives&amp;quot; type=&amp;quot;submit&amp;quot; class=&amp;quot;ui big orange button right floated&amp;quot;&amp;gt;...&amp;lt;/button&amp;gt; is not clickable at point (884, 33). Other element would receive the click: &amp;lt;a class=&amp;quot;ui secondary button&amp;quot; href=&amp;quot;https://dev.frank.ai/campaigns/new&amp;quot;&amp;gt;...&amp;lt;/a&amp;gt;
  (Session info: chrome=68.0.3440.106)
  (Driver info: chromedriver=2.35.528161 (5b82f2d2aae0ca24b877009200ced9065a772e73),platform=Windows NT 10.0.17134 x86_64) (WARNING: The server did not provide any stacktrace information)
Command duration or timeout: 0 milliseconds
Build info: version: &amp;apos;3.11.0&amp;apos;, revision: &amp;apos;e59cfb3&amp;apos;, time: &amp;apos;2018-03-11T20:26:55.152Z&amp;apos;
System info: host: &amp;apos;DESKTOP-L4S2AS9&amp;apos;, ip: &amp;apos;192.168.0.114&amp;apos;, os.name: &amp;apos;Windows 10&amp;apos;, os.arch: &amp;apos;amd64&amp;apos;, os.version: &amp;apos;10.0&amp;apos;, java.version: &amp;apos;10.0.2&amp;apos;
Driver info: org.openqa.selenium.chrome.ChromeDriver
Capabilities {acceptInsecureCerts: false, acceptSslCerts: false, applicationCacheEnabled: false, browserConnectionEnabled: false, browserName: chrome, chrome: {chromedriverVersion: 2.35.528161 (5b82f2d2aae0ca..., userDataDir: C:\Users\ABC\AppData\Local\...}, cssSelectorsEnabled: true, databaseEnabled: false, handlesAlerts: true, hasTouchScreen: false, javascriptEnabled: true, locationContextEnabled: true, mobileEmulationEnabled: false, nativeEvents: true, networkConnectionEnabled: false, pageLoadStrategy: normal, platform: XP, platformName: XP, rotatable: false, setWindowRect: true, takesHeapSnapshot: true, takesScreenshot: true, unexpectedAlertBehaviour: , unhandledPromptBehavior: , version: 68.0.3440.106, webStorageEnabled: true}
Session ID: 95e5202d7ae802be45124b9b24c36e86">
      <![CDATA[org.openqa.selenium.WebDriverException: unknown error: Element <button id="save-creatives" type="submit" class="ui big orange button right floated">...</button> is not clickable at point (884, 33). Other element would receive the click: <a class="ui secondary button" href="https://dev.frank.ai/campaigns/new">...</a>
  (Session info: chrome=68.0.3440.106)
  (Driver info: chromedriver=2.35.528161 (5b82f2d2aae0ca24b877009200ced9065a772e73),platform=Windows NT 10.0.17134 x86_64) (WARNING: The server did not provide any stacktrace information)
Command duration or timeout: 0 milliseconds
Build info: version: '3.11.0', revision: 'e59cfb3', time: '2018-03-11T20:26:55.152Z'
System info: host: 'DESKTOP-L4S2AS9', ip: '192.168.0.114', os.name: 'Windows 10', os.arch: 'amd64', os.version: '10.0', java.version: '10.0.2'
Driver info: org.openqa.selenium.chrome.ChromeDriver
Capabilities {acceptInsecureCerts: false, acceptSslCerts: false, applicationCacheEnabled: false, browserConnectionEnabled: false, browserName: chrome, chrome: {chromedriverVersion: 2.35.528161 (5b82f2d2aae0ca..., userDataDir: C:\Users\ABC\AppData\Local\...}, cssSelectorsEnabled: true, databaseEnabled: false, handlesAlerts: true, hasTouchScreen: false, javascriptEnabled: true, locationContextEnabled: true, mobileEmulationEnabled: false, nativeEvents: true, networkConnectionEnabled: false, pageLoadStrategy: normal, platform: XP, platformName: XP, rotatable: false, setWindowRect: true, takesHeapSnapshot: true, takesScreenshot: true, unexpectedAlertBehaviour: , unhandledPromptBehavior: , version: 68.0.3440.106, webStorageEnabled: true}
Session ID: 95e5202d7ae802be45124b9b24c36e86
at org.openqa.selenium.remote.ErrorHandler.createThrowable(ErrorHandler.java:214)
at org.openqa.selenium.remote.ErrorHandler.throwIfResponseFailed(ErrorHandler.java:166)
at org.openqa.selenium.remote.http.JsonHttpResponseCodec.reconstructValue(JsonHttpResponseCodec.java:40)
at org.openqa.selenium.remote.http.AbstractHttpResponseCodec.decode(AbstractHttpResponseCodec.java:80)
at org.openqa.selenium.remote.http.AbstractHttpResponseCodec.decode(AbstractHttpResponseCodec.java:44)
at org.openqa.selenium.remote.HttpCommandExecutor.execute(HttpCommandExecutor.java:158)
at org.openqa.selenium.remote.service.DriverCommandExecutor.execute(DriverCommandExecutor.java:83)
at org.openqa.selenium.remote.RemoteWebDriver.execute(RemoteWebDriver.java:545)
at org.openqa.selenium.remote.RemoteWebElement.execute(RemoteWebElement.java:279)
at org.openqa.selenium.remote.RemoteWebElement.click(RemoteWebElement.java:83)
at org.openqa.selenium.support.pagefactory.internal.LocatingElementHandler.invoke(LocatingElementHandler.java:51)
at com.sun.proxy.$Proxy9.click(Unknown Source)
at mikaels.frank.ui.AdwordsCampaignCreation_UI.ClickContinueToBilling(AdwordsCampaignCreation_UI.java:387)
at mikaels.frank.AdwordsCampaignCreation.Test16_Click_Continue_To_Billing(AdwordsCampaignCreation.java:111)
... Removed 36 stack frames]]>
    </failure>
  </testcase> <!-- Test16_Click_Continue_To_Billing -->
  <testcase classname="mikaels.frank.AdwordsCampaignCreation" name="Test17_Select_End_Date" time="60.018">
    <failure type="org.openqa.selenium.NoSuchElementException" message="no such element: Unable to locate element: {&amp;quot;method&amp;quot;:&amp;quot;css selector&amp;quot;,&amp;quot;selector&amp;quot;:&amp;quot;[id = &amp;apos;end-date-input&amp;apos;]&amp;quot;}
  (Session info: chrome=68.0.3440.106)
  (Driver info: chromedriver=2.35.528161 (5b82f2d2aae0ca24b877009200ced9065a772e73),platform=Windows NT 10.0.17134 x86_64) (WARNING: The server did not provide any stacktrace information)
Command duration or timeout: 0 milliseconds
For documentation on this error, please visit: http://seleniumhq.org/exceptions/no_such_element.html
Build info: version: &amp;apos;3.11.0&amp;apos;, revision: &amp;apos;e59cfb3&amp;apos;, time: &amp;apos;2018-03-11T20:26:55.152Z&amp;apos;
System info: host: &amp;apos;DESKTOP-L4S2AS9&amp;apos;, ip: &amp;apos;192.168.0.114&amp;apos;, os.name: &amp;apos;Windows 10&amp;apos;, os.arch: &amp;apos;amd64&amp;apos;, os.version: &amp;apos;10.0&amp;apos;, java.version: &amp;apos;10.0.2&amp;apos;
Driver info: org.openqa.selenium.chrome.ChromeDriver
Capabilities {acceptInsecureCerts: false, acceptSslCerts: false, applicationCacheEnabled: false, browserConnectionEnabled: false, browserName: chrome, chrome: {chromedriverVersion: 2.35.528161 (5b82f2d2aae0ca..., userDataDir: C:\Users\ABC\AppData\Local\...}, cssSelectorsEnabled: true, databaseEnabled: false, handlesAlerts: true, hasTouchScreen: false, javascriptEnabled: true, locationContextEnabled: true, mobileEmulationEnabled: false, nativeEvents: true, networkConnectionEnabled: false, pageLoadStrategy: normal, platform: XP, platformName: XP, rotatable: false, setWindowRect: true, takesHeapSnapshot: true, takesScreenshot: true, unexpectedAlertBehaviour: , unhandledPromptBehavior: , version: 68.0.3440.106, webStorageEnabled: true}
Session ID: 95e5202d7ae802be45124b9b24c36e86
*** Element info: {Using=css selector, value=[id = &amp;apos;end-date-input&amp;apos;]}">
      <![CDATA[org.openqa.selenium.NoSuchElementException: no such element: Unable to locate element: {"method":"css selector","selector":"[id = 'end-date-input']"}
  (Session info: chrome=68.0.3440.106)
  (Driver info: chromedriver=2.35.528161 (5b82f2d2aae0ca24b877009200ced9065a772e73),platform=Windows NT 10.0.17134 x86_64) (WARNING: The server did not provide any stacktrace information)
Command duration or timeout: 0 milliseconds
For documentation on this error, please visit: http://seleniumhq.org/exceptions/no_such_element.html
Build info: version: '3.11.0', revision: 'e59cfb3', time: '2018-03-11T20:26:55.152Z'
System info: host: 'DESKTOP-L4S2AS9', ip: '192.168.0.114', os.name: 'Windows 10', os.arch: 'amd64', os.version: '10.0', java.version: '10.0.2'
Driver info: org.openqa.selenium.chrome.ChromeDriver
Capabilities {acceptInsecureCerts: false, acceptSslCerts: false, applicationCacheEnabled: false, browserConnectionEnabled: false, browserName: chrome, chrome: {chromedriverVersion: 2.35.528161 (5b82f2d2aae0ca..., userDataDir: C:\Users\ABC\AppData\Local\...}, cssSelectorsEnabled: true, databaseEnabled: false, handlesAlerts: true, hasTouchScreen: false, javascriptEnabled: true, locationContextEnabled: true, mobileEmulationEnabled: false, nativeEvents: true, networkConnectionEnabled: false, pageLoadStrategy: normal, platform: XP, platformName: XP, rotatable: false, setWindowRect: true, takesHeapSnapshot: true, takesScreenshot: true, unexpectedAlertBehaviour: , unhandledPromptBehavior: , version: 68.0.3440.106, webStorageEnabled: true}
Session ID: 95e5202d7ae802be45124b9b24c36e86
*** Element info: {Using=css selector, value=[id = 'end-date-input']}
at org.openqa.selenium.remote.ErrorHandler.createThrowable(ErrorHandler.java:214)
at org.openqa.selenium.remote.ErrorHandler.throwIfResponseFailed(ErrorHandler.java:166)
at org.openqa.selenium.remote.http.JsonHttpResponseCodec.reconstructValue(JsonHttpResponseCodec.java:40)
at org.openqa.selenium.remote.http.AbstractHttpResponseCodec.decode(AbstractHttpResponseCodec.java:80)
at org.openqa.selenium.remote.http.AbstractHttpResponseCodec.decode(AbstractHttpResponseCodec.java:44)
at org.openqa.selenium.remote.HttpCommandExecutor.execute(HttpCommandExecutor.java:158)
at org.openqa.selenium.remote.service.DriverCommandExecutor.execute(DriverCommandExecutor.java:83)
at org.openqa.selenium.remote.RemoteWebDriver.execute(RemoteWebDriver.java:545)
at org.openqa.selenium.remote.RemoteWebDriver.findElement(RemoteWebDriver.java:319)
at org.openqa.selenium.remote.RemoteWebDriver.findElementByCssSelector(RemoteWebDriver.java:413)
at org.openqa.selenium.By$ByCssSelector.findElement(By.java:430)
at org.openqa.selenium.remote.RemoteWebDriver.findElement(RemoteWebDriver.java:311)
at org.openqa.selenium.support.pagefactory.DefaultElementLocator.findElement(DefaultElementLocator.java:69)
at org.openqa.selenium.support.pagefactory.internal.LocatingElementHandler.invoke(LocatingElementHandler.java:38)
at com.sun.proxy.$Proxy9.click(Unknown Source)
at mikaels.frank.ui.AdwordsCampaignCreation_UI.SelectEndDate(AdwordsCampaignCreation_UI.java:391)
at mikaels.frank.AdwordsCampaignCreation.Test17_Select_End_Date(AdwordsCampaignCreation.java:116)
... Removed 33 stack frames]]>
    </failure>
  </testcase> <!-- Test17_Select_End_Date -->
  <testcase classname="mikaels.frank.AdwordsCampaignCreation" name="Test18_Create_Campaign_And_Verify" time="61.409">
    <failure type="org.openqa.selenium.TimeoutException" message="Expected condition failed: waiting for visibility of [[ChromeDriver: chrome on XP (95e5202d7ae802be45124b9b24c36e86)] -&amp;gt; xpath: //html/body/div[3]/div/div[1]/div[2]/div] (tried for 60 second(s) with 500 milliseconds interval)
Build info: version: &amp;apos;3.11.0&amp;apos;, revision: &amp;apos;e59cfb3&amp;apos;, time: &amp;apos;2018-03-11T20:26:55.152Z&amp;apos;
System info: host: &amp;apos;DESKTOP-L4S2AS9&amp;apos;, ip: &amp;apos;192.168.0.114&amp;apos;, os.name: &amp;apos;Windows 10&amp;apos;, os.arch: &amp;apos;amd64&amp;apos;, os.version: &amp;apos;10.0&amp;apos;, java.version: &amp;apos;10.0.2&amp;apos;
Driver info: org.openqa.selenium.chrome.ChromeDriver
Capabilities {acceptInsecureCerts: false, acceptSslCerts: false, applicationCacheEnabled: false, browserConnectionEnabled: false, browserName: chrome, chrome: {chromedriverVersion: 2.35.528161 (5b82f2d2aae0ca..., userDataDir: C:\Users\ABC\AppData\Local\...}, cssSelectorsEnabled: true, databaseEnabled: false, handlesAlerts: true, hasTouchScreen: false, javascriptEnabled: true, locationContextEnabled: true, mobileEmulationEnabled: false, nativeEvents: true, networkConnectionEnabled: false, pageLoadStrategy: normal, platform: XP, platformName: XP, rotatable: false, setWindowRect: true, takesHeapSnapshot: true, takesScreenshot: true, unexpectedAlertBehaviour: , unhandledPromptBehavior: , version: 68.0.3440.106, webStorageEnabled: true}
Session ID: 95e5202d7ae802be45124b9b24c36e86">
      <![CDATA[org.openqa.selenium.TimeoutException: Expected condition failed: waiting for visibility of [[ChromeDriver: chrome on XP (95e5202d7ae802be45124b9b24c36e86)] -> xpath: //html/body/div[3]/div/div[1]/div[2]/div] (tried for 60 second(s) with 500 milliseconds interval)
Build info: version: '3.11.0', revision: 'e59cfb3', time: '2018-03-11T20:26:55.152Z'
System info: host: 'DESKTOP-L4S2AS9', ip: '192.168.0.114', os.name: 'Windows 10', os.arch: 'amd64', os.version: '10.0', java.version: '10.0.2'
Driver info: org.openqa.selenium.chrome.ChromeDriver
Capabilities {acceptInsecureCerts: false, acceptSslCerts: false, applicationCacheEnabled: false, browserConnectionEnabled: false, browserName: chrome, chrome: {chromedriverVersion: 2.35.528161 (5b82f2d2aae0ca..., userDataDir: C:\Users\ABC\AppData\Local\...}, cssSelectorsEnabled: true, databaseEnabled: false, handlesAlerts: true, hasTouchScreen: false, javascriptEnabled: true, locationContextEnabled: true, mobileEmulationEnabled: false, nativeEvents: true, networkConnectionEnabled: false, pageLoadStrategy: normal, platform: XP, platformName: XP, rotatable: false, setWindowRect: true, takesHeapSnapshot: true, takesScreenshot: true, unexpectedAlertBehaviour: , unhandledPromptBehavior: , version: 68.0.3440.106, webStorageEnabled: true}
Session ID: 95e5202d7ae802be45124b9b24c36e86
at org.openqa.selenium.support.ui.WebDriverWait.timeoutException(WebDriverWait.java:81)
at org.openqa.selenium.support.ui.FluentWait.until(FluentWait.java:271)
at mikaels.frank.baseclass.BaseUi.waitForElementToVisible(BaseUi.java:428)
at mikaels.frank.baseclass.BaseUi.isElementDisplayed(BaseUi.java:167)
at mikaels.frank.ui.AdwordsCampaignCreation_UI.VerifyCampaignCreatedSuccessMessage(AdwordsCampaignCreation_UI.java:403)
at mikaels.frank.AdwordsCampaignCreation.Test18_Create_Campaign_And_Verify(AdwordsCampaignCreation.java:121)
... Removed 29 stack frames]]>
    </failure>
  </testcase> <!-- Test18_Create_Campaign_And_Verify -->
</testsuite> <!-- Campaigns Creation -->
